<?xml version="1.0" encoding="UTF-8"?>
<testsuites name="POS test" time="22.353" tests="13" failures="0" errors="0">
   <testsuite name="POS test" tests="13" failures="0" errors="0" time="22.353" skipped="0" timestamp="26-04-2024T08:02:34" hostname="nicol - nicopc" id="Test Suites/POS test">
      <properties>
         <property name="deviceName" value=""/>
         <property name="devicePlatform" value=""/>
         <property name="logFolder" value="C:\\Users\\nicol\\Katalon Studio\\Proyectos\\Depay\\Reports\\20240426_080226\\POS test\\20240426_080226"/>
         <property name="logFiles" value="C:\\Users\\nicol\\Katalon Studio\\Proyectos\\Depay\\Reports\\20240426_080226\\POS test\\20240426_080226\\execution0.log"/>
         <property name="attachments" value=""/>
         <property name="hostName" value="nicol - nicopc"/>
         <property name="hostAddress" value="192.168.100.4"/>
         <property name="os" value="Windows 10 64bit"/>
         <property name="katalonVersion" value="9.3.2.212"/>
      </properties>
      <testcase name="Test Cases/Flow POS/1 auth_token_Admin" time="5.627" classname="Test Cases/Flow POS/1 auth_token_Admin" status="PASSED">
         <system-out><![CDATA[26-04-2024T08:02:35 - [TEST_CASE][PASSED] - Test Cases/Flow POS/1 auth_token_Admin: Test Cases/Flow POS/1 auth_token_Admin

26-04-2024T08:02:35 - [TEST_STEP][PASSED] - current_user = "Hasar": null

26-04-2024T08:02:36 - [TEST_STEP][PASSED] - response = sendRequest(findTestObject("Flow Admin/token", ["url_base":url_base, "api_key":api_key_hasar])): Send request successfully

26-04-2024T08:02:40 - [MESSAGE][INFO] - HAR: C:\Users\nicol\Katalon Studio\Proyectos\Depay\Reports\20240426_080226\POS test\20240426_080226\requests\main\0.har

26-04-2024T08:02:40 - [MESSAGE][PASSED] - Send request successfully

26-04-2024T08:02:40 - [TEST_STEP][PASSED] - responseBody = response.getResponseText(): null

26-04-2024T08:02:40 - [TEST_STEP][PASSED] - print(responseBody): null

26-04-2024T08:02:40 - [TEST_STEP][PASSED] - jsonSlurper = new groovy.json.JsonSlurper(): null

26-04-2024T08:02:40 - [TEST_STEP][PASSED] - jsonResponse = jsonSlurper.parseText(responseBody): null

26-04-2024T08:02:40 - [TEST_STEP][PASSED] - token = accessToken: null

26-04-2024T08:02:40 - [TEST_STEP][PASSED] - println("Response Body: " + responseBody): null]]></system-out>
         <system-err><![CDATA[]]></system-err>
      </testcase>
      <testcase name="Test Cases/Flow POS/2 Client create" time="1.5" classname="Test Cases/Flow POS/2 Client create" status="PASSED">
         <system-out><![CDATA[26-04-2024T08:02:41 - [TEST_CASE][PASSED] - Test Cases/Flow POS/2 Client create: Test Cases/Flow POS/2 Client create

26-04-2024T08:02:41 - [TEST_STEP][PASSED] - uniqueId = randomUUID().toString(): null

26-04-2024T08:02:41 - [TEST_STEP][PASSED] - uniqueIdSubstring = replaceAll("[^a-zA-Z0-9]", "").substring(0, 10): null

26-04-2024T08:02:41 - [TEST_STEP][PASSED] - println(uniqueIdSubstring: $uniqueIdSubstring): null

26-04-2024T08:02:41 - [TEST_STEP][PASSED] - println(uniqueId: $uniqueId): null

26-04-2024T08:02:41 - [TEST_STEP][PASSED] - requestBody = 
{
  "name": "QATestPOS",
  "email": "QATest$uniqueIdSubstring@gmail.com",
  "phone": "22222",
  "company": "Depay",
"depay_fee":"0.04",
  "external_reference": "Depay"
}
: null

26-04-2024T08:02:41 - [TEST_STEP][PASSED] - try: null

26-04-2024T08:02:41 - [TEST_STEP][PASSED] - urlBase = url_base + "/client/create": null

26-04-2024T08:02:41 - [TEST_STEP][PASSED] - request = withRestRequestMethod("POST").build(): null

26-04-2024T08:02:41 - [TEST_STEP][PASSED] - println(Request URL: $request.getRestUrl()): null

26-04-2024T08:02:41 - [TEST_STEP][PASSED] - println(Request Body: $request.getBodyContent()): null

26-04-2024T08:02:41 - [TEST_STEP][PASSED] - response = sendRequest(request, CONTINUE_ON_FAILURE): Send request successfully

26-04-2024T08:02:42 - [MESSAGE][INFO] - HAR: C:\Users\nicol\Katalon Studio\Proyectos\Depay\Reports\20240426_080226\POS test\20240426_080226\requests\main\1.har

26-04-2024T08:02:42 - [MESSAGE][PASSED] - Send request successfully

26-04-2024T08:02:42 - [TEST_STEP][PASSED] - println(Response Code: $response.getStatusCode()): null

26-04-2024T08:02:42 - [TEST_STEP][PASSED] - println(Response: $response.getResponseText()): null

26-04-2024T08:02:42 - [TEST_STEP][PASSED] - if (response.getStatusCode() >= 200 && response.getStatusCode() < 300): null

26-04-2024T08:02:42 - [TEST_STEP][PASSED] - println("Petición enviada con éxito."): null

26-04-2024T08:02:42 - [TEST_STEP][PASSED] - jsonResponse = JsonSlurper().parseText(response.getResponseText()): null

26-04-2024T08:02:42 - [TEST_STEP][PASSED] - print(jsonResponse): null

26-04-2024T08:02:42 - [TEST_STEP][PASSED] - client_uuid = uuid: null]]></system-out>
         <system-err><![CDATA[]]></system-err>
      </testcase>
      <testcase name="Test Cases/Flow POS/3 Create Customer" time="1.366" classname="Test Cases/Flow POS/3 Create Customer" status="PASSED">
         <system-out><![CDATA[26-04-2024T08:02:42 - [TEST_CASE][PASSED] - Test Cases/Flow POS/3 Create Customer: Test Cases/Flow POS/3 Create Customer

26-04-2024T08:02:43 - [TEST_STEP][PASSED] - uniqueId = randomUUID().toString(): null

26-04-2024T08:02:43 - [TEST_STEP][PASSED] - uniqueIdSubstring = replaceAll("[^a-zA-Z0-9]", "").substring(0, 10): null

26-04-2024T08:02:43 - [TEST_STEP][PASSED] - println(uniqueIdSubstring: $uniqueIdSubstring): null

26-04-2024T08:02:43 - [TEST_STEP][PASSED] - println(uniqueId: $uniqueId): null

26-04-2024T08:02:43 - [TEST_STEP][PASSED] - requestBody = 
{
  "name": "QATestPOS",
  "email": "QATest$uniqueIdSubstring@gmail.com",
  "address": "QATest",
  "phone": "1148784215",
  "company": "QATest",
  "external_reference": "QATest$uniqueIdSubstring",
"depay_fee":"0.04",
  "description": "QATest",
  "manager": "QATest",
  "wallet": {
      "address": "0x71C7656EC7ab88b098defB751B7401B5f6d8976F",
      "network": "Ethereum",
      "coin": "ETH"
  }
}
: null

26-04-2024T08:02:43 - [TEST_STEP][PASSED] - try: null

26-04-2024T08:02:43 - [TEST_STEP][PASSED] - client_uuid = client_uuid: null

26-04-2024T08:02:43 - [TEST_STEP][PASSED] - urlBase = url_base + "/customer?client_uuid=" + client_uuid: null

26-04-2024T08:02:43 - [TEST_STEP][PASSED] - request = withRestRequestMethod("POST").build(): null

26-04-2024T08:02:43 - [TEST_STEP][PASSED] - response = sendRequest(request, CONTINUE_ON_FAILURE): Send request successfully

26-04-2024T08:02:43 - [MESSAGE][INFO] - HAR: C:\Users\nicol\Katalon Studio\Proyectos\Depay\Reports\20240426_080226\POS test\20240426_080226\requests\main\2.har

26-04-2024T08:02:43 - [MESSAGE][PASSED] - Send request successfully

26-04-2024T08:02:43 - [TEST_STEP][PASSED] - println(Response Code: $response.getStatusCode()): null

26-04-2024T08:02:43 - [TEST_STEP][PASSED] - println(Response: $response.getResponseText()): null

26-04-2024T08:02:43 - [TEST_STEP][PASSED] - if (response.getStatusCode() >= 200 && response.getStatusCode() < 300): null

26-04-2024T08:02:43 - [TEST_STEP][PASSED] - println("Petición enviada con éxito."): null

26-04-2024T08:02:43 - [TEST_STEP][PASSED] - jsonResponse = JsonSlurper().parseText(response.getResponseText()): null

26-04-2024T08:02:43 - [TEST_STEP][PASSED] - print(jsonResponse): null

26-04-2024T08:02:43 - [TEST_STEP][PASSED] - customer_uuid = uuid: null

26-04-2024T08:02:43 - [TEST_STEP][PASSED] - external_Customer = external_reference: null]]></system-out>
         <system-err><![CDATA[]]></system-err>
      </testcase>
      <testcase name="Test Cases/Flow POS/4 Create User tipo User" time="1.442" classname="Test Cases/Flow POS/4 Create User tipo User" status="PASSED">
         <system-out><![CDATA[26-04-2024T08:02:43 - [TEST_CASE][PASSED] - Test Cases/Flow POS/4 Create User tipo User: Test Cases/Flow POS/4 Create User tipo User

26-04-2024T08:02:44 - [TEST_STEP][PASSED] - uniqueId = randomUUID().toString(): null

26-04-2024T08:02:44 - [TEST_STEP][PASSED] - uniqueIdSubstring = replaceAll("[^a-zA-Z0-9]", "").substring(0, 10): null

26-04-2024T08:02:44 - [TEST_STEP][PASSED] - println(uniqueIdSubstring: $uniqueIdSubstring): null

26-04-2024T08:02:44 - [TEST_STEP][PASSED] - println(uniqueId: $uniqueId): null

26-04-2024T08:02:44 - [TEST_STEP][PASSED] - requestBody = 
{
    "user": {
		"username": "QATest$uniqueIdSubstring",
        "password": "1234",
        "role": "user"
    }
}
: null

26-04-2024T08:02:44 - [TEST_STEP][PASSED] - try: null

26-04-2024T08:02:44 - [TEST_STEP][PASSED] - ClientUUID = client_uuid: null

26-04-2024T08:02:44 - [TEST_STEP][PASSED] - CustomerUUID = customer_uuid: null

26-04-2024T08:02:44 - [TEST_STEP][PASSED] - urlBase = url_base + /user/create?collectorId=$CustomerUUID: null

26-04-2024T08:02:44 - [TEST_STEP][PASSED] - request = withRestRequestMethod("POST").build(): null

26-04-2024T08:02:44 - [TEST_STEP][PASSED] - println(Request URL: $request.getRestUrl()): null

26-04-2024T08:02:44 - [TEST_STEP][PASSED] - println(Request Body: $request.getBodyContent()): null

26-04-2024T08:02:44 - [TEST_STEP][PASSED] - response = sendRequest(request, CONTINUE_ON_FAILURE): Send request successfully

26-04-2024T08:02:45 - [MESSAGE][INFO] - HAR: C:\Users\nicol\Katalon Studio\Proyectos\Depay\Reports\20240426_080226\POS test\20240426_080226\requests\main\3.har

26-04-2024T08:02:45 - [MESSAGE][PASSED] - Send request successfully

26-04-2024T08:02:45 - [TEST_STEP][PASSED] - println(Response Code: $response.getStatusCode()): null

26-04-2024T08:02:45 - [TEST_STEP][PASSED] - println(Response: $response.getResponseText()): null

26-04-2024T08:02:45 - [TEST_STEP][PASSED] - if (response.getStatusCode() >= 200 && response.getStatusCode() < 300): null

26-04-2024T08:02:45 - [TEST_STEP][PASSED] - println("Petición enviada con éxito."): null

26-04-2024T08:02:45 - [TEST_STEP][PASSED] - jsonResponse = JsonSlurper().parseText(response.getResponseText()): null

26-04-2024T08:02:45 - [TEST_STEP][PASSED] - print(jsonResponse): null

26-04-2024T08:02:45 - [TEST_STEP][PASSED] - api_key_pos = apiKey: null]]></system-out>
         <system-err><![CDATA[]]></system-err>
      </testcase>
      <testcase name="Test Cases/Flow POS/5 auth_token_User" time="1.196" classname="Test Cases/Flow POS/5 auth_token_User" status="PASSED">
         <system-out><![CDATA[26-04-2024T08:02:45 - [TEST_CASE][PASSED] - Test Cases/Flow POS/5 auth_token_User: Test Cases/Flow POS/5 auth_token_User

26-04-2024T08:02:45 - [TEST_STEP][PASSED] - current_user = "Hasar": null

26-04-2024T08:02:45 - [TEST_STEP][PASSED] - response = sendRequest(findTestObject("Flow Admin/token", ["url_base":url_base, "api_key":api_key_pos])): Send request successfully

26-04-2024T08:02:46 - [MESSAGE][INFO] - HAR: C:\Users\nicol\Katalon Studio\Proyectos\Depay\Reports\20240426_080226\POS test\20240426_080226\requests\main\4.har

26-04-2024T08:02:46 - [MESSAGE][PASSED] - Send request successfully

26-04-2024T08:02:46 - [TEST_STEP][PASSED] - responseBody = response.getResponseText(): null

26-04-2024T08:02:46 - [TEST_STEP][PASSED] - print(responseBody): null

26-04-2024T08:02:46 - [TEST_STEP][PASSED] - jsonSlurper = new groovy.json.JsonSlurper(): null

26-04-2024T08:02:46 - [TEST_STEP][PASSED] - jsonResponse = jsonSlurper.parseText(responseBody): null

26-04-2024T08:02:46 - [TEST_STEP][PASSED] - token_user = accessToken: null

26-04-2024T08:02:46 - [TEST_STEP][PASSED] - println("Response Body: " + responseBody): null]]></system-out>
         <system-err><![CDATA[]]></system-err>
      </testcase>
      <testcase name="Test Cases/Flow POS/6 Get Access_Token" time="1.135" classname="Test Cases/Flow POS/6 Get Access_Token" status="PASSED">
         <system-out><![CDATA[26-04-2024T08:02:46 - [TEST_CASE][PASSED] - Test Cases/Flow POS/6 Get Access_Token: Test Cases/Flow POS/6 Get Access_Token

26-04-2024T08:02:46 - [TEST_STEP][PASSED] - try: null

26-04-2024T08:02:46 - [TEST_STEP][PASSED] - urlBase = url_base + "/auth/access_token": null

26-04-2024T08:02:46 - [TEST_STEP][PASSED] - request = withRestRequestMethod("GET").build(): null

26-04-2024T08:02:46 - [TEST_STEP][PASSED] - response = sendRequest(request, CONTINUE_ON_FAILURE): Send request successfully

26-04-2024T08:02:47 - [MESSAGE][INFO] - HAR: C:\Users\nicol\Katalon Studio\Proyectos\Depay\Reports\20240426_080226\POS test\20240426_080226\requests\main\5.har

26-04-2024T08:02:47 - [MESSAGE][PASSED] - Send request successfully

26-04-2024T08:02:47 - [TEST_STEP][PASSED] - println(Response Code: $response.getStatusCode()): null

26-04-2024T08:02:47 - [TEST_STEP][PASSED] - println(Response: $response.getResponseText()): null

26-04-2024T08:02:47 - [TEST_STEP][PASSED] - if (response.getStatusCode() >= 200 && response.getStatusCode() < 300): null

26-04-2024T08:02:47 - [TEST_STEP][PASSED] - println("Petición enviada con éxito."): null

26-04-2024T08:02:47 - [TEST_STEP][PASSED] - jsonResponse = JsonSlurper().parseText(response.getResponseText()): null

26-04-2024T08:02:47 - [TEST_STEP][PASSED] - print(jsonResponse): null

26-04-2024T08:02:47 - [TEST_STEP][PASSED] - accessToken = access_token: null

26-04-2024T08:02:47 - [TEST_STEP][PASSED] - Depay_Token_User = accessToken: null

26-04-2024T08:02:47 - [TEST_STEP][PASSED] - println(Valor de Depay_token: $GlobalVariable.Depay_Token_User): null]]></system-out>
         <system-err><![CDATA[]]></system-err>
      </testcase>
      <testcase name="Test Cases/Flow POS/7 Create Store" time="0.993" classname="Test Cases/Flow POS/7 Create Store" status="PASSED">
         <system-out><![CDATA[26-04-2024T08:02:47 - [TEST_CASE][PASSED] - Test Cases/Flow POS/7 Create Store: Test Cases/Flow POS/7 Create Store

26-04-2024T08:02:47 - [TEST_STEP][PASSED] - requestBody = "
{
"store": {
        "description": "TestQA",
        "external_reference": "TEST QA",
        "address": "TestQA",
        "phone": "11111111111",
        "manager": "TestQA"
    }
}
": null

26-04-2024T08:02:47 - [TEST_STEP][PASSED] - try: null

26-04-2024T08:02:47 - [TEST_STEP][PASSED] - customer_uuid = customer_uuid: null

26-04-2024T08:02:47 - [TEST_STEP][PASSED] - urlBase = url_base + "/store?collectorId=" + customer_uuid: null

26-04-2024T08:02:47 - [TEST_STEP][PASSED] - request = withRestRequestMethod("POST").build(): null

26-04-2024T08:02:47 - [TEST_STEP][PASSED] - println(Request URL: $request.getRestUrl()): null

26-04-2024T08:02:47 - [TEST_STEP][PASSED] - println(Request Body: $request.getBodyContent()): null

26-04-2024T08:02:47 - [TEST_STEP][PASSED] - response = sendRequest(request, CONTINUE_ON_FAILURE): Send request successfully

26-04-2024T08:02:48 - [MESSAGE][INFO] - HAR: C:\Users\nicol\Katalon Studio\Proyectos\Depay\Reports\20240426_080226\POS test\20240426_080226\requests\main\6.har

26-04-2024T08:02:48 - [MESSAGE][PASSED] - Send request successfully

26-04-2024T08:02:48 - [TEST_STEP][PASSED] - println(Response Code: $response.getStatusCode()): null

26-04-2024T08:02:48 - [TEST_STEP][PASSED] - println(Response: $response.getResponseText()): null

26-04-2024T08:02:48 - [TEST_STEP][PASSED] - if (response.getStatusCode() >= 200 && response.getStatusCode() < 300): null

26-04-2024T08:02:48 - [TEST_STEP][PASSED] - println("Petición enviada con éxito."): null

26-04-2024T08:02:48 - [TEST_STEP][PASSED] - jsonResponse = JsonSlurper().parseText(response.getResponseText()): null

26-04-2024T08:02:48 - [TEST_STEP][PASSED] - print(jsonResponse): null

26-04-2024T08:02:48 - [TEST_STEP][PASSED] - store_uuid = uuid: null]]></system-out>
         <system-err><![CDATA[]]></system-err>
      </testcase>
      <testcase name="Test Cases/Flow POS/8 Create POS" time="1.22" classname="Test Cases/Flow POS/8 Create POS" status="PASSED">
         <system-out><![CDATA[26-04-2024T08:02:48 - [TEST_CASE][PASSED] - Test Cases/Flow POS/8 Create POS: Test Cases/Flow POS/8 Create POS

26-04-2024T08:02:49 - [TEST_STEP][PASSED] - uniqueId = randomUUID().toString(): null

26-04-2024T08:02:49 - [TEST_STEP][PASSED] - uniqueIdSubstring = replaceAll("[^a-zA-Z0-9]", "").substring(0, 10): null

26-04-2024T08:02:49 - [TEST_STEP][PASSED] - println(uniqueIdSubstring: $uniqueIdSubstring): null

26-04-2024T08:02:49 - [TEST_STEP][PASSED] - println(uniqueId: $uniqueId): null

26-04-2024T08:02:49 - [TEST_STEP][PASSED] - requestBody = 
{
    "pos": {
        "description": "TestFlowPos",
        "fixed_amount": false,
        "category": 5,
       "external_reference": "QATest$uniqueIdSubstring"
    }
}
: null

26-04-2024T08:02:49 - [TEST_STEP][PASSED] - try: null

26-04-2024T08:02:49 - [TEST_STEP][PASSED] - customer_uuid = customer_uuid: null

26-04-2024T08:02:49 - [TEST_STEP][PASSED] - store_uuid = store_uuid: null

26-04-2024T08:02:49 - [TEST_STEP][PASSED] - urlBase = url_base + /pos/?store_uuid=$store_uuid&collectorId=$customer_uuid: null

26-04-2024T08:02:49 - [TEST_STEP][PASSED] - request = withRestRequestMethod("POST").build(): null

26-04-2024T08:02:49 - [TEST_STEP][PASSED] - println(Request URL: $request.getRestUrl()): null

26-04-2024T08:02:49 - [TEST_STEP][PASSED] - println(Request Body: $request.getBodyContent()): null

26-04-2024T08:02:49 - [TEST_STEP][PASSED] - response = sendRequest(request, CONTINUE_ON_FAILURE): Send request successfully

26-04-2024T08:02:49 - [MESSAGE][INFO] - HAR: C:\Users\nicol\Katalon Studio\Proyectos\Depay\Reports\20240426_080226\POS test\20240426_080226\requests\main\7.har

26-04-2024T08:02:49 - [MESSAGE][PASSED] - Send request successfully

26-04-2024T08:02:49 - [TEST_STEP][PASSED] - println(Response Code: $response.getStatusCode()): null

26-04-2024T08:02:49 - [TEST_STEP][PASSED] - println(Response: $response.getResponseText()): null

26-04-2024T08:02:49 - [TEST_STEP][PASSED] - if (response.getStatusCode() >= 200 && response.getStatusCode() < 300): null

26-04-2024T08:02:49 - [TEST_STEP][PASSED] - println("Petición enviada con éxito."): null

26-04-2024T08:02:49 - [TEST_STEP][PASSED] - jsonResponse = JsonSlurper().parseText(response.getResponseText()): null

26-04-2024T08:02:49 - [TEST_STEP][PASSED] - print(jsonResponse): null

26-04-2024T08:02:49 - [TEST_STEP][PASSED] - pos_uuid = uuid: null

26-04-2024T08:02:49 - [TEST_STEP][PASSED] - external_pos = external_reference: null]]></system-out>
         <system-err><![CDATA[]]></system-err>
      </testcase>
      <testcase name="Test Cases/Flow POS/9 Create Order" time="2.041" classname="Test Cases/Flow POS/9 Create Order" status="PASSED">
         <system-out><![CDATA[26-04-2024T08:02:49 - [TEST_CASE][PASSED] - Test Cases/Flow POS/9 Create Order: Test Cases/Flow POS/9 Create Order

26-04-2024T08:02:50 - [TEST_STEP][PASSED] - uniqueId = randomUUID().toString(): null

26-04-2024T08:02:50 - [TEST_STEP][PASSED] - uniqueIdSubstring = replaceAll("[^a-zA-Z0-9]", "").substring(0, 10): null

26-04-2024T08:02:50 - [TEST_STEP][PASSED] - println(uniqueIdSubstring: $uniqueIdSubstring): null

26-04-2024T08:02:50 - [TEST_STEP][PASSED] - println(uniqueId: $uniqueId): null

26-04-2024T08:02:50 - [TEST_STEP][PASSED] - requestBody = 
{
    "external_reference": "$uniqueIdSubstring",
    "total_amount": 1000,
    "description": "Compra en HASAR",
    "title": "Compra en HASAR",
    "notification_url": "https://typedwebhook.tools/webhook/fab28b4a-60d2-41e5-b3b5-e90bf9cfc903?source_news=ipn",
   
    "items": [
        {
            "sku_number": "serie",
            "category": "category",
            "title": "title",
            "description": "description",
            "quantity": 3,
            "unit_measure": "unit",
            "unit_price": "500",
            "total_amount": 1500,
            "currency_id": "USDT"
        },
                {
            "sku_number": "serie 2",
            "category": "category",
            "title": "title",
            "description": "description",
            "quantity": 3,
            "unit_measure": "unit",
            "unit_price": "500",
            "total_amount": 1500,
            "currency_id": "USDT"
        }
    ]
}
: null

26-04-2024T08:02:50 - [TEST_STEP][PASSED] - try: null

26-04-2024T08:02:50 - [TEST_STEP][PASSED] - customer_uuid = external_Customer: null

26-04-2024T08:02:50 - [TEST_STEP][PASSED] - store_id = external_pos: null

26-04-2024T08:02:50 - [TEST_STEP][PASSED] - access_token = Depay_Token_User: null

26-04-2024T08:02:50 - [TEST_STEP][PASSED] - urlBase = url_base + /instore/qr/seller/collectors/$customer_uuid/pos/$store_id/orders?access_token=$access_token: null

26-04-2024T08:02:50 - [TEST_STEP][PASSED] - request = withRestRequestMethod("POST").build(): null

26-04-2024T08:02:50 - [TEST_STEP][PASSED] - println(Request URL: $request.getRestUrl()): null

26-04-2024T08:02:50 - [TEST_STEP][PASSED] - println(Request Body: $request.getBodyContent()): null

26-04-2024T08:02:50 - [TEST_STEP][PASSED] - response = sendRequest(request, CONTINUE_ON_FAILURE): Send request successfully

26-04-2024T08:02:52 - [MESSAGE][INFO] - HAR: C:\Users\nicol\Katalon Studio\Proyectos\Depay\Reports\20240426_080226\POS test\20240426_080226\requests\main\8.har

26-04-2024T08:02:52 - [MESSAGE][PASSED] - Send request successfully

26-04-2024T08:02:52 - [TEST_STEP][PASSED] - println(Response Code: $response.getStatusCode()): null

26-04-2024T08:02:52 - [TEST_STEP][PASSED] - println(Response: $response.getResponseText()): null

26-04-2024T08:02:52 - [TEST_STEP][PASSED] - if (response.getStatusCode() >= 200 && response.getStatusCode() < 300): null

26-04-2024T08:02:52 - [TEST_STEP][PASSED] - println("Petición enviada con éxito."): null

26-04-2024T08:02:52 - [TEST_STEP][PASSED] - jsonResponse = JsonSlurper().parseText(response.getResponseText()): null

26-04-2024T08:02:52 - [TEST_STEP][PASSED] - print(jsonResponse): null

26-04-2024T08:02:52 - [TEST_STEP][PASSED] - orderId = uuid: null]]></system-out>
         <system-err><![CDATA[]]></system-err>
      </testcase>
      <testcase name="Test Cases/Flow POS/9.1 auth_token_Admin - Copy" time="1.043" classname="Test Cases/Flow POS/9.1 auth_token_Admin - Copy" status="PASSED">
         <system-out><![CDATA[26-04-2024T08:02:52 - [TEST_CASE][PASSED] - Test Cases/Flow POS/9.1 auth_token_Admin - Copy: Test Cases/Flow POS/9.1 auth_token_Admin - Copy

26-04-2024T08:02:52 - [TEST_STEP][PASSED] - current_user = "Hasar": null

26-04-2024T08:02:52 - [TEST_STEP][PASSED] - response = sendRequest(findTestObject("Flow Admin/token", ["url_base":url_base, "api_key":api_key_hasar])): Send request successfully

26-04-2024T08:02:53 - [MESSAGE][INFO] - HAR: C:\Users\nicol\Katalon Studio\Proyectos\Depay\Reports\20240426_080226\POS test\20240426_080226\requests\main\9.har

26-04-2024T08:02:53 - [MESSAGE][PASSED] - Send request successfully

26-04-2024T08:02:53 - [TEST_STEP][PASSED] - responseBody = response.getResponseText(): null

26-04-2024T08:02:53 - [TEST_STEP][PASSED] - print(responseBody): null

26-04-2024T08:02:53 - [TEST_STEP][PASSED] - jsonSlurper = new groovy.json.JsonSlurper(): null

26-04-2024T08:02:53 - [TEST_STEP][PASSED] - jsonResponse = jsonSlurper.parseText(responseBody): null

26-04-2024T08:02:53 - [TEST_STEP][PASSED] - token = accessToken: null

26-04-2024T08:02:53 - [TEST_STEP][PASSED] - println("Response Body: " + responseBody): null]]></system-out>
         <system-err><![CDATA[]]></system-err>
      </testcase>
      <testcase name="Test Cases/Flow POS/9.2 Get exchange data order" time="1.045" classname="Test Cases/Flow POS/9.2 Get exchange data order" status="PASSED">
         <system-out><![CDATA[26-04-2024T08:02:53 - [TEST_CASE][PASSED] - Test Cases/Flow POS/9.2 Get exchange data order: Test Cases/Flow POS/9.2 Get exchange data order

26-04-2024T08:02:53 - [TEST_STEP][PASSED] - customer_uuid = customer_uuid: null

26-04-2024T08:02:53 - [TEST_STEP][PASSED] - pos_uuid = pos_uuid: null

26-04-2024T08:02:53 - [TEST_STEP][PASSED] - requestBody = 
{
  "qrValue":"Depay:$customer_uuid/$pos_uuid/false"

}
: null

26-04-2024T08:02:53 - [TEST_STEP][PASSED] - try: null

26-04-2024T08:02:53 - [TEST_STEP][PASSED] - urlBase = url_base + "/exchange/order/by-qr": null

26-04-2024T08:02:53 - [TEST_STEP][PASSED] - request = withRestRequestMethod("POST").build(): null

26-04-2024T08:02:53 - [TEST_STEP][PASSED] - response = sendRequest(request, CONTINUE_ON_FAILURE): Send request successfully

26-04-2024T08:02:54 - [MESSAGE][INFO] - HAR: C:\Users\nicol\Katalon Studio\Proyectos\Depay\Reports\20240426_080226\POS test\20240426_080226\requests\main\10.har

26-04-2024T08:02:54 - [MESSAGE][PASSED] - Send request successfully

26-04-2024T08:02:54 - [TEST_STEP][PASSED] - println(Response Code: $response.getStatusCode()): null

26-04-2024T08:02:54 - [TEST_STEP][PASSED] - println(Response: $response.getResponseText()): null

26-04-2024T08:02:54 - [TEST_STEP][PASSED] - if (response.getStatusCode() >= 200 && response.getStatusCode() < 300): null

26-04-2024T08:02:54 - [TEST_STEP][PASSED] - println("Petición enviada con éxito."): null

26-04-2024T08:02:54 - [TEST_STEP][PASSED] - jsonResponse = JsonSlurper().parseText(response.getResponseText()): null

26-04-2024T08:02:54 - [TEST_STEP][PASSED] - print(jsonResponse): null]]></system-out>
         <system-err><![CDATA[]]></system-err>
      </testcase>
      <testcase name="Test Cases/Flow POS/9.3 Response Exchange" time="2.034" classname="Test Cases/Flow POS/9.3 Response Exchange" status="PASSED">
         <system-out><![CDATA[26-04-2024T08:02:54 - [TEST_CASE][PASSED] - Test Cases/Flow POS/9.3 Response Exchange: Test Cases/Flow POS/9.3 Response Exchange

26-04-2024T08:02:54 - [TEST_STEP][PASSED] - uniqueId = randomUUID().toString(): null

26-04-2024T08:02:54 - [TEST_STEP][PASSED] - uniqueIdSubstring = replaceAll("[^a-zA-Z0-9]", "").substring(0, 10): null

26-04-2024T08:02:54 - [TEST_STEP][PASSED] - customer_uuid = customer_uuid: null

26-04-2024T08:02:54 - [TEST_STEP][PASSED] - pos_uuid = pos_uuid: null

26-04-2024T08:02:54 - [TEST_STEP][PASSED] - requestBody = 
{
  "qrValue":"Depay:$customer_uuid/$pos_uuid/false",
  "transaction": {
    "wallet_origin": "QATest",
    "transaction_number": "$uniqueIdSubstring",
    "amount":498008,
    "status": "closed"
  }
}
: null

26-04-2024T08:02:54 - [TEST_STEP][PASSED] - try: null

26-04-2024T08:02:54 - [TEST_STEP][PASSED] - urlBase = url_base + "/exchange/create": null

26-04-2024T08:02:54 - [TEST_STEP][PASSED] - request = withRestRequestMethod("POST").build(): null

26-04-2024T08:02:54 - [TEST_STEP][PASSED] - response = sendRequest(request, CONTINUE_ON_FAILURE): Send request successfully

26-04-2024T08:02:56 - [MESSAGE][INFO] - HAR: C:\Users\nicol\Katalon Studio\Proyectos\Depay\Reports\20240426_080226\POS test\20240426_080226\requests\main\11.har

26-04-2024T08:02:56 - [MESSAGE][PASSED] - Send request successfully

26-04-2024T08:02:56 - [TEST_STEP][PASSED] - println(Response Code: $response.getStatusCode()): null

26-04-2024T08:02:56 - [TEST_STEP][PASSED] - println(Response: $response.getResponseText()): null

26-04-2024T08:02:56 - [TEST_STEP][PASSED] - if (response.getStatusCode() >= 200 && response.getStatusCode() < 300): null

26-04-2024T08:02:56 - [TEST_STEP][PASSED] - println("Petición enviada con éxito."): null

26-04-2024T08:02:56 - [TEST_STEP][PASSED] - jsonResponse = JsonSlurper().parseText(response.getResponseText()): null

26-04-2024T08:02:56 - [TEST_STEP][PASSED] - print(jsonResponse): null]]></system-out>
         <system-err><![CDATA[]]></system-err>
      </testcase>
      <testcase name="Test Cases/Flow POS/9.4 Get Order" time="1.107" classname="Test Cases/Flow POS/9.4 Get Order" status="PASSED">
         <system-out><![CDATA[26-04-2024T08:02:56 - [TEST_CASE][PASSED] - Test Cases/Flow POS/9.4 Get Order: Test Cases/Flow POS/9.4 Get Order

26-04-2024T08:02:56 - [TEST_STEP][PASSED] - try: El estado del pedido es cerrado (closed).

26-04-2024T08:02:56 - [TEST_STEP][PASSED] - orderId = orderId: null

26-04-2024T08:02:56 - [TEST_STEP][PASSED] - print($orderId): null

26-04-2024T08:02:56 - [TEST_STEP][PASSED] - urlBase = url_base + "/order/findFullOrderLastStatus?order_uuid=" + orderId: null

26-04-2024T08:02:56 - [TEST_STEP][PASSED] - request = withRestRequestMethod("GET").build(): null

26-04-2024T08:02:56 - [TEST_STEP][PASSED] - println(Request URL: $request.getRestUrl()): null

26-04-2024T08:02:56 - [TEST_STEP][PASSED] - response = sendRequest(request, CONTINUE_ON_FAILURE): Send request successfully

26-04-2024T08:02:57 - [MESSAGE][INFO] - HAR: C:\Users\nicol\Katalon Studio\Proyectos\Depay\Reports\20240426_080226\POS test\20240426_080226\requests\main\12.har

26-04-2024T08:02:57 - [MESSAGE][PASSED] - Send request successfully

26-04-2024T08:02:57 - [TEST_STEP][PASSED] - println(Response Code: $response.getStatusCode()): null

26-04-2024T08:02:57 - [TEST_STEP][PASSED] - println(Response: $response.getResponseText()): null

26-04-2024T08:02:57 - [TEST_STEP][PASSED] - if (response.getStatusCode() >= 200 && response.getStatusCode() < 300): El estado del pedido es cerrado (closed).

26-04-2024T08:02:57 - [TEST_STEP][PASSED] - println("Petición enviada con éxito."): null

26-04-2024T08:02:57 - [TEST_STEP][PASSED] - jsonResponse = response.getResponseText(): null

26-04-2024T08:02:57 - [TEST_STEP][PASSED] - jsonSlurper = new groovy.json.JsonSlurper(): null

26-04-2024T08:02:57 - [TEST_STEP][PASSED] - parsedResponse = jsonSlurper.parseText(jsonResponse): null

26-04-2024T08:02:57 - [TEST_STEP][PASSED] - orderStatus = orderStatus[-1]: null

26-04-2024T08:02:57 - [TEST_STEP][PASSED] - print(orderStatus): null

26-04-2024T08:02:57 - [TEST_STEP][PASSED] - print(status): null

26-04-2024T08:02:57 - [TEST_STEP][PASSED] - if (status == "closed"): El estado del pedido es cerrado (closed).

26-04-2024T08:02:57 - [TEST_STEP][PASSED] - print(jsonResponse): null

26-04-2024T08:02:57 - [TEST_STEP][PASSED] - markPassed("El estado del pedido es cerrado (closed)."): El estado del pedido es cerrado (closed).

26-04-2024T08:02:57 - [MESSAGE][PASSED] - El estado del pedido es cerrado (closed).]]></system-out>
         <system-err><![CDATA[]]></system-err>
      </testcase>
      <system-out><![CDATA[26-04-2024T08:02:34 - [TEST_SUITE][PASSED] - POS test: Test Cases/Flow POS/9.4 Get Order]]></system-out>
      <system-err><![CDATA[]]></system-err>
   </testsuite>
</testsuites>
