<?xml version="1.0" encoding="UTF-8"?>
<testsuites name="Test Auth" time="4.857" tests="2" failures="0" errors="0">
   <testsuite name="Test Auth" tests="2" failures="0" errors="0" time="4.857" skipped="0" timestamp="20-03-2024T15:59:11" hostname="nicol - nicopc" id="Test Suites/Test Auth">
      <properties>
         <property name="deviceName" value=""/>
         <property name="devicePlatform" value=""/>
         <property name="logFolder" value="C:\\Users\\nicol\\Katalon Studio\\Proyectos\\Depay\\Reports\\20240320_155903\\Test Auth\\20240320_155904"/>
         <property name="logFiles" value="C:\\Users\\nicol\\Katalon Studio\\Proyectos\\Depay\\Reports\\20240320_155903\\Test Auth\\20240320_155904\\execution0.log"/>
         <property name="attachments" value=""/>
         <property name="hostName" value="nicol - nicopc"/>
         <property name="hostAddress" value="192.168.100.4"/>
         <property name="os" value="Windows 10 64bit"/>
         <property name="katalonVersion" value="9.3.2.212"/>
      </properties>
      <testcase name="Test Cases/Flow/Auth/auth_token_Admin" time="3.537" classname="Test Cases/Flow/Auth/auth_token_Admin" status="PASSED">
         <system-out><![CDATA[20-03-2024T15:59:11 - [TEST_CASE][PASSED] - Test Cases/Flow/Auth/auth_token_Admin: Test Cases/Flow/Auth/auth_token_Admin

20-03-2024T15:59:11 - [TEST_STEP][PASSED] - current_user = "Hasar": null

20-03-2024T15:59:11 - [TEST_STEP][PASSED] - response = sendRequest(findTestObject("Flow Admin/token", ["url_base":url_base, "api_key":api_key])): Send request successfully

20-03-2024T15:59:14 - [MESSAGE][INFO] - HAR: C:\Users\nicol\Katalon Studio\Proyectos\Depay\Reports\20240320_155903\Test Auth\20240320_155904\requests\main\0.har

20-03-2024T15:59:14 - [MESSAGE][PASSED] - Send request successfully

20-03-2024T15:59:14 - [TEST_STEP][PASSED] - responseBody = response.getResponseText(): null

20-03-2024T15:59:14 - [TEST_STEP][PASSED] - println("Response Body: " + responseBody): null]]></system-out>
         <system-err><![CDATA[]]></system-err>
      </testcase>
      <testcase name="Test Cases/Flow/Auth/auth_token_Depay" time="1.14" classname="Test Cases/Flow/Auth/auth_token_Depay" status="PASSED">
         <system-out><![CDATA[20-03-2024T15:59:14 - [TEST_CASE][PASSED] - Test Cases/Flow/Auth/auth_token_Depay: Test Cases/Flow/Auth/auth_token_Depay

20-03-2024T15:59:14 - [TEST_STEP][PASSED] - current_user = "Depay": null

20-03-2024T15:59:14 - [TEST_STEP][PASSED] - response = sendRequest(findTestObject("Flow Admin/token", ["url_base":url_base, "api_key":api_key])): Send request successfully

20-03-2024T15:59:15 - [MESSAGE][INFO] - HAR: C:\Users\nicol\Katalon Studio\Proyectos\Depay\Reports\20240320_155903\Test Auth\20240320_155904\requests\main\1.har

20-03-2024T15:59:15 - [MESSAGE][PASSED] - Send request successfully

20-03-2024T15:59:15 - [TEST_STEP][PASSED] - responseBody = response.getResponseText(): null

20-03-2024T15:59:15 - [TEST_STEP][PASSED] - println("Response Body: " + responseBody): null]]></system-out>
         <system-err><![CDATA[]]></system-err>
      </testcase>
      <system-out><![CDATA[20-03-2024T15:59:11 - [TEST_SUITE][PASSED] - Test Auth: Test Cases/Flow/Auth/auth_token_Depay]]></system-out>
      <system-err><![CDATA[]]></system-err>
   </testsuite>
</testsuites>
