<?xml version="1.0" encoding="UTF-8"?>
<testsuites name="Ecommerce test" time="21.913" tests="12" failures="0" errors="0">
   <testsuite name="Ecommerce test" tests="12" failures="0" errors="0" time="21.913" skipped="0" timestamp="26-04-2024T08:12:20" hostname="nicol - nicopc" id="Test Suites/Ecommerce test">
      <properties>
         <property name="deviceName" value=""/>
         <property name="devicePlatform" value=""/>
         <property name="logFolder" value="C:\\Users\\nicol\\Katalon Studio\\Proyectos\\Depay\\Reports\\20240426_081212\\Ecommerce test\\20240426_081212"/>
         <property name="logFiles" value="C:\\Users\\nicol\\Katalon Studio\\Proyectos\\Depay\\Reports\\20240426_081212\\Ecommerce test\\20240426_081212\\execution0.log"/>
         <property name="attachments" value=""/>
         <property name="hostName" value="nicol - nicopc"/>
         <property name="hostAddress" value="192.168.100.4"/>
         <property name="os" value="Windows 10 64bit"/>
         <property name="katalonVersion" value="9.3.2.212"/>
      </properties>
      <testcase name="Test Cases/Flow Ecommerce/1 auth_token_Admin" time="5.615" classname="Test Cases/Flow Ecommerce/1 auth_token_Admin" status="PASSED">
         <system-out><![CDATA[26-04-2024T08:12:20 - [TEST_CASE][PASSED] - Test Cases/Flow Ecommerce/1 auth_token_Admin: Test Cases/Flow Ecommerce/1 auth_token_Admin

26-04-2024T08:12:21 - [TEST_STEP][PASSED] - current_user = "Hasar": null

26-04-2024T08:12:22 - [TEST_STEP][PASSED] - response = sendRequest(findTestObject("Flow Admin/token", ["url_base":url_base, "api_key":api_key])): Send request successfully

26-04-2024T08:12:26 - [MESSAGE][INFO] - HAR: C:\Users\nicol\Katalon Studio\Proyectos\Depay\Reports\20240426_081212\Ecommerce test\20240426_081212\requests\main\0.har

26-04-2024T08:12:26 - [MESSAGE][PASSED] - Send request successfully

26-04-2024T08:12:26 - [TEST_STEP][PASSED] - responseBody = response.getResponseText(): null

26-04-2024T08:12:26 - [TEST_STEP][PASSED] - print(responseBody): null

26-04-2024T08:12:26 - [TEST_STEP][PASSED] - jsonSlurper = new groovy.json.JsonSlurper(): null

26-04-2024T08:12:26 - [TEST_STEP][PASSED] - jsonResponse = jsonSlurper.parseText(responseBody): null

26-04-2024T08:12:26 - [TEST_STEP][PASSED] - token = accessToken: null

26-04-2024T08:12:26 - [TEST_STEP][PASSED] - println("Response Body: " + responseBody): null]]></system-out>
         <system-err><![CDATA[]]></system-err>
      </testcase>
      <testcase name="Test Cases/Flow Ecommerce/2 Client create" time="1.413" classname="Test Cases/Flow Ecommerce/2 Client create" status="PASSED">
         <system-out><![CDATA[26-04-2024T08:12:26 - [TEST_CASE][PASSED] - Test Cases/Flow Ecommerce/2 Client create: Test Cases/Flow Ecommerce/2 Client create

26-04-2024T08:12:26 - [TEST_STEP][PASSED] - uniqueId = randomUUID().toString(): null

26-04-2024T08:12:26 - [TEST_STEP][PASSED] - uniqueIdSubstring = replaceAll("[^a-zA-Z0-9]", "").substring(0, 10): null

26-04-2024T08:12:26 - [TEST_STEP][PASSED] - println(uniqueIdSubstring: $uniqueIdSubstring): null

26-04-2024T08:12:26 - [TEST_STEP][PASSED] - println(uniqueId: $uniqueId): null

26-04-2024T08:12:26 - [TEST_STEP][PASSED] - requestBody = 
{
  "name": "QATest",
  "email": "QATest$uniqueIdSubstring@gmail.com",
  "phone": "22222",
  "company": "Depay",
"depay_fee":"0.04",
  "external_reference": "Depay"
}
: null

26-04-2024T08:12:26 - [TEST_STEP][PASSED] - try: null

26-04-2024T08:12:26 - [TEST_STEP][PASSED] - urlBase = url_base + "/client/create": null

26-04-2024T08:12:26 - [TEST_STEP][PASSED] - request = withRestRequestMethod("POST").build(): null

26-04-2024T08:12:27 - [TEST_STEP][PASSED] - println(Request URL: $request.getRestUrl()): null

26-04-2024T08:12:27 - [TEST_STEP][PASSED] - println(Request Body: $request.getBodyContent()): null

26-04-2024T08:12:27 - [TEST_STEP][PASSED] - response = sendRequest(request, CONTINUE_ON_FAILURE): Send request successfully

26-04-2024T08:12:27 - [MESSAGE][INFO] - HAR: C:\Users\nicol\Katalon Studio\Proyectos\Depay\Reports\20240426_081212\Ecommerce test\20240426_081212\requests\main\1.har

26-04-2024T08:12:27 - [MESSAGE][PASSED] - Send request successfully

26-04-2024T08:12:27 - [TEST_STEP][PASSED] - println(Response Code: $response.getStatusCode()): null

26-04-2024T08:12:27 - [TEST_STEP][PASSED] - println(Response: $response.getResponseText()): null

26-04-2024T08:12:27 - [TEST_STEP][PASSED] - if (response.getStatusCode() >= 200 && response.getStatusCode() < 300): null

26-04-2024T08:12:27 - [TEST_STEP][PASSED] - println("Petición enviada con éxito."): null

26-04-2024T08:12:27 - [TEST_STEP][PASSED] - jsonResponse = JsonSlurper().parseText(response.getResponseText()): null

26-04-2024T08:12:27 - [TEST_STEP][PASSED] - print(jsonResponse): null

26-04-2024T08:12:27 - [TEST_STEP][PASSED] - client_uuid = uuid: null]]></system-out>
         <system-err><![CDATA[]]></system-err>
      </testcase>
      <testcase name="Test Cases/Flow Ecommerce/3 Create Customer" time="1.217" classname="Test Cases/Flow Ecommerce/3 Create Customer" status="PASSED">
         <system-out><![CDATA[26-04-2024T08:12:27 - [TEST_CASE][PASSED] - Test Cases/Flow Ecommerce/3 Create Customer: Test Cases/Flow Ecommerce/3 Create Customer

26-04-2024T08:12:28 - [TEST_STEP][PASSED] - uniqueId = randomUUID().toString(): null

26-04-2024T08:12:28 - [TEST_STEP][PASSED] - uniqueIdSubstring = replaceAll("[^a-zA-Z0-9]", "").substring(0, 10): null

26-04-2024T08:12:28 - [TEST_STEP][PASSED] - println(uniqueIdSubstring: $uniqueIdSubstring): null

26-04-2024T08:12:28 - [TEST_STEP][PASSED] - println(uniqueId: $uniqueId): null

26-04-2024T08:12:28 - [TEST_STEP][PASSED] - requestBody = 
{
  "name": "QATest",
  "email": "QATest$uniqueIdSubstring@gmail.com",
  "address": "QATest",
  "phone": "1148784215",
  "company": "QATest",
  "external_reference": "QATest",
"depay_fee":"0.04",
  "description": "QATest",
  "manager": "QATest",
  "wallet": {
      "address": "0x71C7656EC7ab88b098defB751B7401B5f6d8976F",
      "network": "Ethereum",
      "coin": "ETH"
  }
}
: null

26-04-2024T08:12:28 - [TEST_STEP][PASSED] - try: null

26-04-2024T08:12:28 - [TEST_STEP][PASSED] - client_uuid = client_uuid: null

26-04-2024T08:12:28 - [TEST_STEP][PASSED] - urlBase = url_base + "/customer?client_uuid=" + client_uuid: null

26-04-2024T08:12:28 - [TEST_STEP][PASSED] - request = withRestRequestMethod("POST").build(): null

26-04-2024T08:12:28 - [TEST_STEP][PASSED] - println(Request URL: $request.getRestUrl()): null

26-04-2024T08:12:28 - [TEST_STEP][PASSED] - println(Request Body: $request.getBodyContent()): null

26-04-2024T08:12:28 - [TEST_STEP][PASSED] - response = sendRequest(request, CONTINUE_ON_FAILURE): Send request successfully

26-04-2024T08:12:29 - [MESSAGE][INFO] - HAR: C:\Users\nicol\Katalon Studio\Proyectos\Depay\Reports\20240426_081212\Ecommerce test\20240426_081212\requests\main\2.har

26-04-2024T08:12:29 - [MESSAGE][PASSED] - Send request successfully

26-04-2024T08:12:29 - [TEST_STEP][PASSED] - println(Response Code: $response.getStatusCode()): null

26-04-2024T08:12:29 - [TEST_STEP][PASSED] - println(Response: $response.getResponseText()): null

26-04-2024T08:12:29 - [TEST_STEP][PASSED] - if (response.getStatusCode() >= 200 && response.getStatusCode() < 300): null

26-04-2024T08:12:29 - [TEST_STEP][PASSED] - println("Petición enviada con éxito."): null

26-04-2024T08:12:29 - [TEST_STEP][PASSED] - jsonResponse = JsonSlurper().parseText(response.getResponseText()): null

26-04-2024T08:12:29 - [TEST_STEP][PASSED] - print(jsonResponse): null

26-04-2024T08:12:29 - [TEST_STEP][PASSED] - customer_uuid = uuid: null]]></system-out>
         <system-err><![CDATA[]]></system-err>
      </testcase>
      <testcase name="Test Cases/Flow Ecommerce/4 Create User tipo User" time="1.332" classname="Test Cases/Flow Ecommerce/4 Create User tipo User" status="PASSED">
         <system-out><![CDATA[26-04-2024T08:12:29 - [TEST_CASE][PASSED] - Test Cases/Flow Ecommerce/4 Create User tipo User: Test Cases/Flow Ecommerce/4 Create User tipo User

26-04-2024T08:12:29 - [TEST_STEP][PASSED] - uniqueId = randomUUID().toString(): null

26-04-2024T08:12:29 - [TEST_STEP][PASSED] - uniqueIdSubstring = replaceAll("[^a-zA-Z0-9]", "").substring(0, 10): null

26-04-2024T08:12:29 - [TEST_STEP][PASSED] - println(uniqueIdSubstring: $uniqueIdSubstring): null

26-04-2024T08:12:29 - [TEST_STEP][PASSED] - println(uniqueId: $uniqueId): null

26-04-2024T08:12:29 - [TEST_STEP][PASSED] - requestBody = 
{
    "user": {
		"username": "QATest$uniqueIdSubstring",
        "password": "1234",
        "role": "user"
    }
}
: null

26-04-2024T08:12:29 - [TEST_STEP][PASSED] - try: null

26-04-2024T08:12:29 - [TEST_STEP][PASSED] - CustomerUUID = customer_uuid: null

26-04-2024T08:12:29 - [TEST_STEP][PASSED] - urlBase = url_base + "/user/create?collectorId=" + CustomerUUID: null

26-04-2024T08:12:29 - [TEST_STEP][PASSED] - request = withRestRequestMethod("POST").build(): null

26-04-2024T08:12:29 - [TEST_STEP][PASSED] - println(Request URL: $request.getRestUrl()): null

26-04-2024T08:12:29 - [TEST_STEP][PASSED] - println(Request Body: $request.getBodyContent()): null

26-04-2024T08:12:29 - [TEST_STEP][PASSED] - response = sendRequest(request, CONTINUE_ON_FAILURE): Send request successfully

26-04-2024T08:12:30 - [MESSAGE][INFO] - HAR: C:\Users\nicol\Katalon Studio\Proyectos\Depay\Reports\20240426_081212\Ecommerce test\20240426_081212\requests\main\3.har

26-04-2024T08:12:30 - [MESSAGE][PASSED] - Send request successfully

26-04-2024T08:12:30 - [TEST_STEP][PASSED] - println(Response Code: $response.getStatusCode()): null

26-04-2024T08:12:30 - [TEST_STEP][PASSED] - println(Response: $response.getResponseText()): null

26-04-2024T08:12:30 - [TEST_STEP][PASSED] - if (response.getStatusCode() >= 200 && response.getStatusCode() < 300): null

26-04-2024T08:12:30 - [TEST_STEP][PASSED] - println("Petición enviada con éxito."): null

26-04-2024T08:12:30 - [TEST_STEP][PASSED] - jsonResponse = JsonSlurper().parseText(response.getResponseText()): null

26-04-2024T08:12:30 - [TEST_STEP][PASSED] - print(jsonResponse): null

26-04-2024T08:12:30 - [TEST_STEP][PASSED] - api_key_ecommerce = apiKey: null]]></system-out>
         <system-err><![CDATA[]]></system-err>
      </testcase>
      <testcase name="Test Cases/Flow Ecommerce/5 auth_token_User" time="1.17" classname="Test Cases/Flow Ecommerce/5 auth_token_User" status="PASSED">
         <system-out><![CDATA[26-04-2024T08:12:30 - [TEST_CASE][PASSED] - Test Cases/Flow Ecommerce/5 auth_token_User: Test Cases/Flow Ecommerce/5 auth_token_User

26-04-2024T08:12:30 - [TEST_STEP][PASSED] - current_user = "Hasar": null

26-04-2024T08:12:30 - [TEST_STEP][PASSED] - response = sendRequest(findTestObject("Flow Admin/token", ["url_base":url_base, "api_key":api_key_ecommerce])): Send request successfully

26-04-2024T08:12:31 - [MESSAGE][INFO] - HAR: C:\Users\nicol\Katalon Studio\Proyectos\Depay\Reports\20240426_081212\Ecommerce test\20240426_081212\requests\main\4.har

26-04-2024T08:12:31 - [MESSAGE][PASSED] - Send request successfully

26-04-2024T08:12:31 - [TEST_STEP][PASSED] - responseBody = response.getResponseText(): null

26-04-2024T08:12:31 - [TEST_STEP][PASSED] - print(responseBody): null

26-04-2024T08:12:31 - [TEST_STEP][PASSED] - jsonSlurper = new groovy.json.JsonSlurper(): null

26-04-2024T08:12:31 - [TEST_STEP][PASSED] - jsonResponse = jsonSlurper.parseText(responseBody): null

26-04-2024T08:12:31 - [TEST_STEP][PASSED] - token_Admin = accessToken: null

26-04-2024T08:12:31 - [TEST_STEP][PASSED] - println("Response Body: " + responseBody): null]]></system-out>
         <system-err><![CDATA[]]></system-err>
      </testcase>
      <testcase name="Test Cases/Flow Ecommerce/6 CreateOrder Ecommerce" time="2.709" classname="Test Cases/Flow Ecommerce/6 CreateOrder Ecommerce" status="PASSED">
         <system-out><![CDATA[26-04-2024T08:12:31 - [TEST_CASE][PASSED] - Test Cases/Flow Ecommerce/6 CreateOrder Ecommerce: Test Cases/Flow Ecommerce/6 CreateOrder Ecommerce

26-04-2024T08:12:31 - [TEST_STEP][PASSED] - uniqueId = randomUUID().toString(): null

26-04-2024T08:12:31 - [TEST_STEP][PASSED] - uniqueIdSubstring = replaceAll("[^a-zA-Z0-9]", "").substring(0, 10): null

26-04-2024T08:12:31 - [TEST_STEP][PASSED] - println(uniqueIdSubstring: $uniqueIdSubstring): null

26-04-2024T08:12:31 - [TEST_STEP][PASSED] - println(uniqueId: $uniqueId): null

26-04-2024T08:12:31 - [TEST_STEP][PASSED] - requestBody = "
{

   "order": {
        "external_reference": "QATest",
        "total_amount": 0.01,
        "description": "QATest",
        "title": "QATest",
        "notification_url": "https://zqmh0a9jg3.execute-api.sa-east-1.amazonaws.com/Prod/listenorder"
    },
    "items": [
        {
            "sku_number": "QATest",
            "category": "QATest",
            "title": "QATest",
            "description": "QATest",
            "quantity": 3,
            "unit_measure": "unit",
            "unit_price": "500",
            "total_amount": 1,
            "currency_id": "USDT"
        }
    ]
}
": null

26-04-2024T08:12:31 - [TEST_STEP][PASSED] - try: null

26-04-2024T08:12:31 - [TEST_STEP][PASSED] - customerUUID = customer_uuid: null

26-04-2024T08:12:31 - [TEST_STEP][PASSED] - urlBase = url_base + "/order/create/ecommerce?collectorId=bc80a833-c4af-4670-98bf-c0e245e7f85a": null

26-04-2024T08:12:31 - [TEST_STEP][PASSED] - request = withRestRequestMethod("POST").build(): null

26-04-2024T08:12:31 - [TEST_STEP][PASSED] - println(Request URL: $request.getRestUrl()): null

26-04-2024T08:12:31 - [TEST_STEP][PASSED] - println(Request Body: $requestBody): null

26-04-2024T08:12:31 - [TEST_STEP][PASSED] - println(Request Body: $request.getBodyContent()): null

26-04-2024T08:12:31 - [TEST_STEP][PASSED] - response = sendRequest(request, CONTINUE_ON_FAILURE): Send request successfully

26-04-2024T08:12:34 - [MESSAGE][INFO] - HAR: C:\Users\nicol\Katalon Studio\Proyectos\Depay\Reports\20240426_081212\Ecommerce test\20240426_081212\requests\main\5.har

26-04-2024T08:12:34 - [MESSAGE][PASSED] - Send request successfully

26-04-2024T08:12:34 - [TEST_STEP][PASSED] - println(Response: $response.getResponseText()): null

26-04-2024T08:12:34 - [TEST_STEP][PASSED] - println(Response Code: $response.getStatusCode()): null

26-04-2024T08:12:34 - [TEST_STEP][PASSED] - println(Response: $response.getResponseText()): null

26-04-2024T08:12:34 - [TEST_STEP][PASSED] - if (response.getStatusCode() >= 200 && response.getStatusCode() < 300): null

26-04-2024T08:12:34 - [TEST_STEP][PASSED] - println("Petición enviada con éxito."): null

26-04-2024T08:12:34 - [TEST_STEP][PASSED] - jsonResponse = JsonSlurper().parseText(response.getResponseText()): null

26-04-2024T08:12:34 - [TEST_STEP][PASSED] - print(jsonResponse): null

26-04-2024T08:12:34 - [TEST_STEP][PASSED] - orderId = orderId: null]]></system-out>
         <system-err><![CDATA[]]></system-err>
      </testcase>
      <testcase name="Test Cases/Flow Ecommerce/7 Get Order" time="1.066" classname="Test Cases/Flow Ecommerce/7 Get Order" status="PASSED">
         <system-out><![CDATA[26-04-2024T08:12:34 - [TEST_CASE][PASSED] - Test Cases/Flow Ecommerce/7 Get Order: Test Cases/Flow Ecommerce/7 Get Order

26-04-2024T08:12:34 - [TEST_STEP][PASSED] - orderId = orderId: null

26-04-2024T08:12:34 - [TEST_STEP][PASSED] - try: null

26-04-2024T08:12:34 - [TEST_STEP][PASSED] - urlBase = url_base + /order/ecommerce/$orderId: null

26-04-2024T08:12:34 - [TEST_STEP][PASSED] - request = withRestRequestMethod("GET").build(): null

26-04-2024T08:12:34 - [TEST_STEP][PASSED] - println(Request URL: $request.getRestUrl()): null

26-04-2024T08:12:34 - [TEST_STEP][PASSED] - response = sendRequest(request, CONTINUE_ON_FAILURE): Send request successfully

26-04-2024T08:12:35 - [MESSAGE][INFO] - HAR: C:\Users\nicol\Katalon Studio\Proyectos\Depay\Reports\20240426_081212\Ecommerce test\20240426_081212\requests\main\6.har

26-04-2024T08:12:35 - [MESSAGE][PASSED] - Send request successfully

26-04-2024T08:12:35 - [TEST_STEP][PASSED] - println(Response Code: $response.getStatusCode()): null

26-04-2024T08:12:35 - [TEST_STEP][PASSED] - println(Response: $response.getResponseText()): null

26-04-2024T08:12:35 - [TEST_STEP][PASSED] - if (response.getStatusCode() >= 200 && response.getStatusCode() < 300): null

26-04-2024T08:12:35 - [TEST_STEP][PASSED] - println("Petición enviada con éxito."): null

26-04-2024T08:12:35 - [TEST_STEP][PASSED] - jsonResponse = response.getResponseText(): null

26-04-2024T08:12:35 - [TEST_STEP][PASSED] - print(jsonResponse): null]]></system-out>
         <system-err><![CDATA[]]></system-err>
      </testcase>
      <testcase name="Test Cases/Flow Ecommerce/8 Create Payments" time="1.163" classname="Test Cases/Flow Ecommerce/8 Create Payments" status="PASSED">
         <system-out><![CDATA[26-04-2024T08:12:35 - [TEST_CASE][PASSED] - Test Cases/Flow Ecommerce/8 Create Payments: Test Cases/Flow Ecommerce/8 Create Payments

26-04-2024T08:12:35 - [TEST_STEP][PASSED] - try: null

26-04-2024T08:12:35 - [TEST_STEP][PASSED] - orderId = orderId: null

26-04-2024T08:12:35 - [TEST_STEP][PASSED] - urlBase = url_base + /payments/create/ecommerce?order_uuid=$orderId&origin=Belo&network=ETH: null

26-04-2024T08:12:35 - [TEST_STEP][PASSED] - request = withRestRequestMethod("POST").build(): null

26-04-2024T08:12:35 - [TEST_STEP][PASSED] - response = sendRequest(request, CONTINUE_ON_FAILURE): Send request successfully

26-04-2024T08:12:36 - [MESSAGE][INFO] - HAR: C:\Users\nicol\Katalon Studio\Proyectos\Depay\Reports\20240426_081212\Ecommerce test\20240426_081212\requests\main\7.har

26-04-2024T08:12:36 - [MESSAGE][PASSED] - Send request successfully

26-04-2024T08:12:36 - [TEST_STEP][PASSED] - println(Response Code: $response.getStatusCode()): null

26-04-2024T08:12:36 - [TEST_STEP][PASSED] - println(Response: $response.getResponseText()): null

26-04-2024T08:12:36 - [TEST_STEP][PASSED] - if (response.getStatusCode() >= 200 && response.getStatusCode() < 300): null

26-04-2024T08:12:36 - [TEST_STEP][PASSED] - println("Petición enviada con éxito."): null

26-04-2024T08:12:36 - [TEST_STEP][PASSED] - jsonResponse = JsonSlurper().parseText(response.getResponseText()): null

26-04-2024T08:12:36 - [TEST_STEP][PASSED] - print(jsonResponse): null]]></system-out>
         <system-err><![CDATA[]]></system-err>
      </testcase>
      <testcase name="Test Cases/Flow Ecommerce/9.1 Get Currency" time="1.305" classname="Test Cases/Flow Ecommerce/9.1 Get Currency" status="PASSED">
         <system-out><![CDATA[26-04-2024T08:12:36 - [TEST_CASE][PASSED] - Test Cases/Flow Ecommerce/9.1 Get Currency: Test Cases/Flow Ecommerce/9.1 Get Currency

26-04-2024T08:12:36 - [TEST_STEP][PASSED] - try: null

26-04-2024T08:12:36 - [TEST_STEP][PASSED] - orderId = orderId: null

26-04-2024T08:12:36 - [TEST_STEP][PASSED] - urlBase = url_base + "/exchange/getCurrencyExchangeRate": null

26-04-2024T08:12:36 - [TEST_STEP][PASSED] - request = withRestRequestMethod("GET").build(): null

26-04-2024T08:12:36 - [TEST_STEP][PASSED] - response = sendRequest(request, CONTINUE_ON_FAILURE): Send request successfully

26-04-2024T08:12:37 - [MESSAGE][INFO] - HAR: C:\Users\nicol\Katalon Studio\Proyectos\Depay\Reports\20240426_081212\Ecommerce test\20240426_081212\requests\main\8.har

26-04-2024T08:12:37 - [MESSAGE][PASSED] - Send request successfully

26-04-2024T08:12:37 - [TEST_STEP][PASSED] - println(Response Code: $response.getStatusCode()): null

26-04-2024T08:12:37 - [TEST_STEP][PASSED] - println(Response: $response.getResponseText()): null

26-04-2024T08:12:37 - [TEST_STEP][PASSED] - if (response.getStatusCode() >= 200 && response.getStatusCode() < 300): null

26-04-2024T08:12:37 - [TEST_STEP][PASSED] - println("Petición enviada con éxito."): null

26-04-2024T08:12:37 - [TEST_STEP][PASSED] - jsonResponse = JsonSlurper().parseText(response.getResponseText()): null

26-04-2024T08:12:37 - [TEST_STEP][PASSED] - print(jsonResponse): null]]></system-out>
         <system-err><![CDATA[]]></system-err>
      </testcase>
      <testcase name="Test Cases/Flow Ecommerce/9.2 ChangeCoinOrder" time="1.227" classname="Test Cases/Flow Ecommerce/9.2 ChangeCoinOrder" status="PASSED">
         <system-out><![CDATA[26-04-2024T08:12:37 - [TEST_CASE][PASSED] - Test Cases/Flow Ecommerce/9.2 ChangeCoinOrder: Test Cases/Flow Ecommerce/9.2 ChangeCoinOrder

26-04-2024T08:12:38 - [TEST_STEP][PASSED] - try: null

26-04-2024T08:12:38 - [TEST_STEP][PASSED] - orderId = orderId: null

26-04-2024T08:12:38 - [TEST_STEP][PASSED] - urlBase = url_base + /order/changeCoinOrder/$orderId?coin=USDT: null

26-04-2024T08:12:38 - [TEST_STEP][PASSED] - request = withRestRequestMethod("PUT").build(): null

26-04-2024T08:12:38 - [TEST_STEP][PASSED] - response = sendRequest(request, CONTINUE_ON_FAILURE): Send request successfully

26-04-2024T08:12:39 - [MESSAGE][INFO] - HAR: C:\Users\nicol\Katalon Studio\Proyectos\Depay\Reports\20240426_081212\Ecommerce test\20240426_081212\requests\main\9.har

26-04-2024T08:12:39 - [MESSAGE][PASSED] - Send request successfully

26-04-2024T08:12:39 - [TEST_STEP][PASSED] - println(Response Code: $response.getStatusCode()): null

26-04-2024T08:12:39 - [TEST_STEP][PASSED] - println(Response: $response.getResponseText()): null

26-04-2024T08:12:39 - [TEST_STEP][PASSED] - if (response.getStatusCode() >= 200 && response.getStatusCode() < 300): null

26-04-2024T08:12:39 - [TEST_STEP][PASSED] - println("Petición enviada con éxito."): null

26-04-2024T08:12:39 - [TEST_STEP][PASSED] - jsonResponse = JsonSlurper().parseText(response.getResponseText()): null

26-04-2024T08:12:39 - [TEST_STEP][PASSED] - print(jsonResponse): null]]></system-out>
         <system-err><![CDATA[]]></system-err>
      </testcase>
      <testcase name="Test Cases/Flow Ecommerce/9.3 Get freeWallet" time="1.185" classname="Test Cases/Flow Ecommerce/9.3 Get freeWallet" status="PASSED">
         <system-out><![CDATA[26-04-2024T08:12:39 - [TEST_CASE][PASSED] - Test Cases/Flow Ecommerce/9.3 Get freeWallet: Test Cases/Flow Ecommerce/9.3 Get freeWallet

26-04-2024T08:12:39 - [TEST_STEP][PASSED] - try: null

26-04-2024T08:12:39 - [TEST_STEP][PASSED] - orderId = orderId: null

26-04-2024T08:12:39 - [TEST_STEP][PASSED] - urlBase = url_base + /payment-method/getFreeWallet?orderId=$orderId: null

26-04-2024T08:12:39 - [TEST_STEP][PASSED] - request = withRestRequestMethod("POST").build(): null

26-04-2024T08:12:39 - [TEST_STEP][PASSED] - response = sendRequest(request, CONTINUE_ON_FAILURE): Send request successfully

26-04-2024T08:12:40 - [MESSAGE][INFO] - HAR: C:\Users\nicol\Katalon Studio\Proyectos\Depay\Reports\20240426_081212\Ecommerce test\20240426_081212\requests\main\10.har

26-04-2024T08:12:40 - [MESSAGE][PASSED] - Send request successfully

26-04-2024T08:12:40 - [TEST_STEP][PASSED] - println(Response Code: $response.getStatusCode()): null

26-04-2024T08:12:40 - [TEST_STEP][PASSED] - println(Response: $response.getResponseText()): null

26-04-2024T08:12:40 - [TEST_STEP][PASSED] - if (response.getStatusCode() >= 200 && response.getStatusCode() < 300): null

26-04-2024T08:12:40 - [TEST_STEP][PASSED] - println("Petición enviada con éxito."): null

26-04-2024T08:12:40 - [TEST_STEP][PASSED] - jsonResponse = JsonSlurper().parseText(response.getResponseText()): null

26-04-2024T08:12:40 - [TEST_STEP][PASSED] - print(jsonResponse): null]]></system-out>
         <system-err><![CDATA[]]></system-err>
      </testcase>
      <testcase name="Test Cases/Flow Ecommerce/9.4 Simulate Payments" time="1.877" classname="Test Cases/Flow Ecommerce/9.4 Simulate Payments" status="PASSED">
         <system-out><![CDATA[26-04-2024T08:12:40 - [TEST_CASE][PASSED] - Test Cases/Flow Ecommerce/9.4 Simulate Payments: Test Cases/Flow Ecommerce/9.4 Simulate Payments

26-04-2024T08:12:40 - [TEST_STEP][PASSED] - try: null

26-04-2024T08:12:40 - [TEST_STEP][PASSED] - orderId = orderId: null

26-04-2024T08:12:40 - [TEST_STEP][PASSED] - urlBase = url_base + /simulate/payments?orderId=$orderId: null

26-04-2024T08:12:40 - [TEST_STEP][PASSED] - request = withRestRequestMethod("POST").build(): null

26-04-2024T08:12:40 - [TEST_STEP][PASSED] - response = sendRequest(request, CONTINUE_ON_FAILURE): Send request successfully

26-04-2024T08:12:42 - [MESSAGE][INFO] - HAR: C:\Users\nicol\Katalon Studio\Proyectos\Depay\Reports\20240426_081212\Ecommerce test\20240426_081212\requests\main\11.har

26-04-2024T08:12:42 - [MESSAGE][PASSED] - Send request successfully

26-04-2024T08:12:42 - [TEST_STEP][PASSED] - println(Response Code: $response.getStatusCode()): null

26-04-2024T08:12:42 - [TEST_STEP][PASSED] - println(Response: $response.getResponseText()): null

26-04-2024T08:12:42 - [TEST_STEP][PASSED] - if (response.getStatusCode() >= 200 && response.getStatusCode() < 300): null

26-04-2024T08:12:42 - [TEST_STEP][PASSED] - println("Petición enviada con éxito."): null

26-04-2024T08:12:42 - [TEST_STEP][PASSED] - jsonResponse = JsonSlurper().parseText(response.getResponseText()): null

26-04-2024T08:12:42 - [TEST_STEP][PASSED] - print(jsonResponse): null]]></system-out>
         <system-err><![CDATA[]]></system-err>
      </testcase>
      <system-out><![CDATA[26-04-2024T08:12:20 - [TEST_SUITE][PASSED] - Ecommerce test: Test Cases/Flow Ecommerce/9.4 Simulate Payments]]></system-out>
      <system-err><![CDATA[]]></system-err>
   </testsuite>
</testsuites>
