<?xml version="1.0" encoding="UTF-8"?>
<testsuites name="Ecommerce test" time="12.195" tests="7" failures="0" errors="0">
   <testsuite name="Ecommerce test" tests="7" failures="0" errors="0" time="12.195" skipped="0" timestamp="04-04-2024T11:23:58" hostname="nicol - nicopc" id="Test Suites/Ecommerce test">
      <properties>
         <property name="deviceName" value=""/>
         <property name="devicePlatform" value=""/>
         <property name="logFolder" value="C:\\Users\\nicol\\Katalon Studio\\Proyectos\\Depay\\Reports\\20240404_112350\\Ecommerce test\\20240404_112351"/>
         <property name="logFiles" value="C:\\Users\\nicol\\Katalon Studio\\Proyectos\\Depay\\Reports\\20240404_112350\\Ecommerce test\\20240404_112351\\execution0.log"/>
         <property name="attachments" value=""/>
         <property name="hostName" value="nicol - nicopc"/>
         <property name="hostAddress" value="192.168.100.4"/>
         <property name="os" value="Windows 10 64bit"/>
         <property name="katalonVersion" value="9.3.2.212"/>
      </properties>
      <testcase name="Test Cases/Flow Ecommerce/1 auth_token_Admin" time="4.028" classname="Test Cases/Flow Ecommerce/1 auth_token_Admin" status="PASSED">
         <system-out><![CDATA[04-04-2024T11:23:58 - [TEST_CASE][PASSED] - Test Cases/Flow Ecommerce/1 auth_token_Admin: Test Cases/Flow Ecommerce/1 auth_token_Admin

04-04-2024T11:23:59 - [TEST_STEP][PASSED] - current_user = "Hasar": null

04-04-2024T11:23:59 - [TEST_STEP][PASSED] - response = sendRequest(findTestObject("Flow Admin/token", ["url_base":url_base, "api_key":api_key])): Send request successfully

04-04-2024T11:24:02 - [MESSAGE][INFO] - HAR: C:\Users\nicol\Katalon Studio\Proyectos\Depay\Reports\20240404_112350\Ecommerce test\20240404_112351\requests\main\0.har

04-04-2024T11:24:02 - [MESSAGE][PASSED] - Send request successfully

04-04-2024T11:24:02 - [TEST_STEP][PASSED] - responseBody = response.getResponseText(): null

04-04-2024T11:24:02 - [TEST_STEP][PASSED] - print(responseBody): null

04-04-2024T11:24:02 - [TEST_STEP][PASSED] - jsonSlurper = new groovy.json.JsonSlurper(): null

04-04-2024T11:24:02 - [TEST_STEP][PASSED] - jsonResponse = jsonSlurper.parseText(responseBody): null

04-04-2024T11:24:02 - [TEST_STEP][PASSED] - token = accessToken: null

04-04-2024T11:24:02 - [TEST_STEP][PASSED] - println("Response Body: " + responseBody): null]]></system-out>
         <system-err><![CDATA[]]></system-err>
      </testcase>
      <testcase name="Test Cases/Flow Ecommerce/2 Create Customer" time="1.507" classname="Test Cases/Flow Ecommerce/2 Create Customer" status="PASSED">
         <system-out><![CDATA[04-04-2024T11:24:02 - [TEST_CASE][PASSED] - Test Cases/Flow Ecommerce/2 Create Customer: Test Cases/Flow Ecommerce/2 Create Customer

04-04-2024T11:24:03 - [TEST_STEP][PASSED] - uniqueId = randomUUID().toString(): null

04-04-2024T11:24:03 - [TEST_STEP][PASSED] - uniqueIdSubstring = replaceAll("[^a-zA-Z0-9]", "").substring(0, 10): null

04-04-2024T11:24:03 - [TEST_STEP][PASSED] - println(uniqueIdSubstring: $uniqueIdSubstring): null

04-04-2024T11:24:03 - [TEST_STEP][PASSED] - println(uniqueId: $uniqueId): null

04-04-2024T11:24:03 - [TEST_STEP][PASSED] - requestBody = 
{
  "name": "QATest",
  "email": "QATest$uniqueIdSubstring@gmail.com",
  "address": "QATest",
  "phone": "1148784215",
  "company": "QATest",
  "external_reference": "QATest",
  "description": "QATest",
  "manager": "QATest",
  "wallet": {
      "address": "0x71C7656EC7ab88b098defB751B7401B5f6d8976F",
      "network": "Ethereum",
      "coin": "ETH"
  }
}
: null

04-04-2024T11:24:03 - [TEST_STEP][PASSED] - try: null

04-04-2024T11:24:03 - [TEST_STEP][PASSED] - urlBase = url_base + "/customer": null

04-04-2024T11:24:03 - [TEST_STEP][PASSED] - request = withRestRequestMethod("POST").build(): null

04-04-2024T11:24:03 - [TEST_STEP][PASSED] - println(Request URL: $request.getRestUrl()): null

04-04-2024T11:24:03 - [TEST_STEP][PASSED] - println(Request Body: $request.getBodyContent()): null

04-04-2024T11:24:03 - [TEST_STEP][PASSED] - response = sendRequest(request, CONTINUE_ON_FAILURE): Send request successfully

04-04-2024T11:24:04 - [MESSAGE][INFO] - HAR: C:\Users\nicol\Katalon Studio\Proyectos\Depay\Reports\20240404_112350\Ecommerce test\20240404_112351\requests\main\1.har

04-04-2024T11:24:04 - [MESSAGE][PASSED] - Send request successfully

04-04-2024T11:24:04 - [TEST_STEP][PASSED] - println(Response: $response.getResponseText()): null

04-04-2024T11:24:04 - [TEST_STEP][PASSED] - if (response): null

04-04-2024T11:24:04 - [TEST_STEP][PASSED] - println("Petición enviada con éxito."): null

04-04-2024T11:24:04 - [TEST_STEP][PASSED] - jsonResponse = JsonSlurper().parseText(response.getResponseText()): null

04-04-2024T11:24:04 - [TEST_STEP][PASSED] - customer_uuid = uuid: null]]></system-out>
         <system-err><![CDATA[]]></system-err>
      </testcase>
      <testcase name="Test Cases/Flow Ecommerce/3 Client create" time="1.152" classname="Test Cases/Flow Ecommerce/3 Client create" status="PASSED">
         <system-out><![CDATA[04-04-2024T11:24:04 - [TEST_CASE][PASSED] - Test Cases/Flow Ecommerce/3 Client create: Test Cases/Flow Ecommerce/3 Client create

04-04-2024T11:24:04 - [TEST_STEP][PASSED] - uniqueId = randomUUID().toString(): null

04-04-2024T11:24:04 - [TEST_STEP][PASSED] - uniqueIdSubstring = replaceAll("[^a-zA-Z0-9]", "").substring(0, 10): null

04-04-2024T11:24:04 - [TEST_STEP][PASSED] - println(uniqueIdSubstring: $uniqueIdSubstring): null

04-04-2024T11:24:04 - [TEST_STEP][PASSED] - println(uniqueId: $uniqueId): null

04-04-2024T11:24:04 - [TEST_STEP][PASSED] - requestBody = 
{
  "name": "QATest",
  "email": "QATest$uniqueIdSubstring@gmail.com",
  "phone": "22222",
  "company": "Depay",
  "external_reference": "Depay"
}
: null

04-04-2024T11:24:04 - [TEST_STEP][PASSED] - try: null

04-04-2024T11:24:04 - [TEST_STEP][PASSED] - customerUuid = customer_uuid: null

04-04-2024T11:24:04 - [TEST_STEP][PASSED] - urlBase = url_base + "/client?collectorId=" + customerUuid: null

04-04-2024T11:24:04 - [TEST_STEP][PASSED] - request = withRestRequestMethod("POST").build(): null

04-04-2024T11:24:04 - [TEST_STEP][PASSED] - println(Request URL: $request.getRestUrl()): null

04-04-2024T11:24:04 - [TEST_STEP][PASSED] - println(Request Body: $request.getBodyContent()): null

04-04-2024T11:24:04 - [TEST_STEP][PASSED] - response = sendRequest(request, CONTINUE_ON_FAILURE): Send request successfully

04-04-2024T11:24:05 - [MESSAGE][INFO] - HAR: C:\Users\nicol\Katalon Studio\Proyectos\Depay\Reports\20240404_112350\Ecommerce test\20240404_112351\requests\main\2.har

04-04-2024T11:24:05 - [MESSAGE][PASSED] - Send request successfully

04-04-2024T11:24:05 - [TEST_STEP][PASSED] - println(Response: $response.getResponseText()): null

04-04-2024T11:24:05 - [TEST_STEP][PASSED] - if (response): null

04-04-2024T11:24:05 - [TEST_STEP][PASSED] - println("Petición enviada con éxito."): null

04-04-2024T11:24:05 - [TEST_STEP][PASSED] - jsonResponse = JsonSlurper().parseText(response.getResponseText()): null

04-04-2024T11:24:05 - [TEST_STEP][PASSED] - print(jsonResponse): null

04-04-2024T11:24:05 - [TEST_STEP][PASSED] - client_uuid = uuid: null

04-04-2024T11:24:05 - [TEST_STEP][PASSED] - catch (Exception e): null

04-04-2024T11:24:05 - [TEST_STEP][PASSED] - println(Error al construir o enviar la solicitud: $e.getMessage()): null]]></system-out>
         <system-err><![CDATA[]]></system-err>
      </testcase>
      <testcase name="Test Cases/Flow Ecommerce/3 Create User tipo User" time="1.128" classname="Test Cases/Flow Ecommerce/3 Create User tipo User" status="PASSED">
         <system-out><![CDATA[04-04-2024T11:24:05 - [TEST_CASE][PASSED] - Test Cases/Flow Ecommerce/3 Create User tipo User: Test Cases/Flow Ecommerce/3 Create User tipo User

04-04-2024T11:24:05 - [TEST_STEP][PASSED] - uniqueId = randomUUID().toString(): null

04-04-2024T11:24:05 - [TEST_STEP][PASSED] - uniqueIdSubstring = replaceAll("[^a-zA-Z0-9]", "").substring(0, 10): null

04-04-2024T11:24:05 - [TEST_STEP][PASSED] - println(uniqueIdSubstring: $uniqueIdSubstring): null

04-04-2024T11:24:05 - [TEST_STEP][PASSED] - println(uniqueId: $uniqueId): null

04-04-2024T11:24:05 - [TEST_STEP][PASSED] - requestBody = 
{
    "user": {
		"username": "QATest$uniqueIdSubstring",
        "password": "1234",
        "role": "user"
    }
}
: null

04-04-2024T11:24:05 - [TEST_STEP][PASSED] - try: null

04-04-2024T11:24:05 - [TEST_STEP][PASSED] - customerUuid = customer_uuid: null

04-04-2024T11:24:05 - [TEST_STEP][PASSED] - urlBase = url_base + "/user/create?collectorId=" + customerUuid: null

04-04-2024T11:24:05 - [TEST_STEP][PASSED] - request = withRestRequestMethod("POST").build(): null

04-04-2024T11:24:05 - [TEST_STEP][PASSED] - println(Request URL: $request.getRestUrl()): null

04-04-2024T11:24:05 - [TEST_STEP][PASSED] - println(Request Body: $request.getBodyContent()): null

04-04-2024T11:24:05 - [TEST_STEP][PASSED] - response = sendRequest(request, CONTINUE_ON_FAILURE): Send request successfully

04-04-2024T11:24:06 - [MESSAGE][INFO] - HAR: C:\Users\nicol\Katalon Studio\Proyectos\Depay\Reports\20240404_112350\Ecommerce test\20240404_112351\requests\main\3.har

04-04-2024T11:24:06 - [MESSAGE][PASSED] - Send request successfully

04-04-2024T11:24:06 - [TEST_STEP][PASSED] - println(Response: $response.getResponseText()): null

04-04-2024T11:24:06 - [TEST_STEP][PASSED] - if (response): null

04-04-2024T11:24:06 - [TEST_STEP][PASSED] - println("Petición enviada con éxito."): null

04-04-2024T11:24:06 - [TEST_STEP][PASSED] - jsonResponse = JsonSlurper().parseText(response.getResponseText()): null

04-04-2024T11:24:06 - [TEST_STEP][PASSED] - print(jsonResponse): null

04-04-2024T11:24:06 - [TEST_STEP][PASSED] - api_key_user = apiKey: null]]></system-out>
         <system-err><![CDATA[]]></system-err>
      </testcase>
      <testcase name="Test Cases/Flow Ecommerce/4 auth_token_User" time="1.227" classname="Test Cases/Flow Ecommerce/4 auth_token_User" status="PASSED">
         <system-out><![CDATA[04-04-2024T11:24:06 - [TEST_CASE][PASSED] - Test Cases/Flow Ecommerce/4 auth_token_User: Test Cases/Flow Ecommerce/4 auth_token_User

04-04-2024T11:24:06 - [TEST_STEP][PASSED] - current_user = "Hasar": null

04-04-2024T11:24:06 - [TEST_STEP][PASSED] - response = sendRequest(findTestObject("Flow Admin/token", ["url_base":url_base, "api_key":api_key_user])): Send request successfully

04-04-2024T11:24:07 - [MESSAGE][INFO] - HAR: C:\Users\nicol\Katalon Studio\Proyectos\Depay\Reports\20240404_112350\Ecommerce test\20240404_112351\requests\main\4.har

04-04-2024T11:24:07 - [MESSAGE][PASSED] - Send request successfully

04-04-2024T11:24:07 - [TEST_STEP][PASSED] - responseBody = response.getResponseText(): null

04-04-2024T11:24:07 - [TEST_STEP][PASSED] - print(responseBody): null

04-04-2024T11:24:07 - [TEST_STEP][PASSED] - jsonSlurper = new groovy.json.JsonSlurper(): null

04-04-2024T11:24:07 - [TEST_STEP][PASSED] - jsonResponse = jsonSlurper.parseText(responseBody): null

04-04-2024T11:24:07 - [TEST_STEP][PASSED] - token = accessToken: null

04-04-2024T11:24:07 - [TEST_STEP][PASSED] - println("Response Body: " + responseBody): null]]></system-out>
         <system-err><![CDATA[]]></system-err>
      </testcase>
      <testcase name="Test Cases/Flow Ecommerce/5 AccessToken" time="0.97" classname="Test Cases/Flow Ecommerce/5 AccessToken" status="PASSED">
         <system-out><![CDATA[04-04-2024T11:24:07 - [TEST_CASE][PASSED] - Test Cases/Flow Ecommerce/5 AccessToken: Test Cases/Flow Ecommerce/5 AccessToken

04-04-2024T11:24:08 - [TEST_STEP][PASSED] - try: null

04-04-2024T11:24:08 - [TEST_STEP][PASSED] - urlBase = url_base + "/auth/access_token": null

04-04-2024T11:24:08 - [TEST_STEP][PASSED] - request = withRestRequestMethod("GET").build(): null

04-04-2024T11:24:08 - [TEST_STEP][PASSED] - println(Request URL: $request.getRestUrl()): null

04-04-2024T11:24:08 - [TEST_STEP][PASSED] - response = sendRequest(request, CONTINUE_ON_FAILURE): Send request successfully

04-04-2024T11:24:08 - [MESSAGE][INFO] - HAR: C:\Users\nicol\Katalon Studio\Proyectos\Depay\Reports\20240404_112350\Ecommerce test\20240404_112351\requests\main\5.har

04-04-2024T11:24:08 - [MESSAGE][PASSED] - Send request successfully

04-04-2024T11:24:08 - [TEST_STEP][PASSED] - println(Response: $response.getResponseText()): null

04-04-2024T11:24:08 - [TEST_STEP][PASSED] - if (response): null

04-04-2024T11:24:08 - [TEST_STEP][PASSED] - println("Petición enviada con éxito."): null

04-04-2024T11:24:08 - [TEST_STEP][PASSED] - jsonResponse = JsonSlurper().parseText(response.getResponseText()): null

04-04-2024T11:24:08 - [TEST_STEP][PASSED] - print(jsonResponse): null]]></system-out>
         <system-err><![CDATA[]]></system-err>
      </testcase>
      <testcase name="Test Cases/Flow Ecommerce/6 Create Store (sin pos)" time="1.955" classname="Test Cases/Flow Ecommerce/6 Create Store (sin pos)" status="PASSED">
         <system-out><![CDATA[04-04-2024T11:24:08 - [TEST_CASE][PASSED] - Test Cases/Flow Ecommerce/6 Create Store (sin pos): Test Cases/Flow Ecommerce/6 Create Store (sin pos)

04-04-2024T11:24:09 - [TEST_STEP][PASSED] - sendRequest(findTestObject("Flow Admin/3) Store - Crear sin POS", ["url_base":url_base])): Send request successfully

04-04-2024T11:24:10 - [MESSAGE][INFO] - HAR: C:\Users\nicol\Katalon Studio\Proyectos\Depay\Reports\20240404_112350\Ecommerce test\20240404_112351\requests\main\6.har

04-04-2024T11:24:10 - [MESSAGE][PASSED] - Send request successfully

04-04-2024T11:24:10 - [TEST_STEP][PASSED] - uniqueId = randomUUID().toString(): null

04-04-2024T11:24:10 - [TEST_STEP][PASSED] - uniqueIdSubstring = replaceAll("[^a-zA-Z0-9]", "").substring(0, 10): null

04-04-2024T11:24:10 - [TEST_STEP][PASSED] - println(uniqueIdSubstring: $uniqueIdSubstring): null

04-04-2024T11:24:10 - [TEST_STEP][PASSED] - println(uniqueId: $uniqueId): null

04-04-2024T11:24:10 - [TEST_STEP][PASSED] - requestBody = 
{
    "user": {
		"username": "QATest$uniqueIdSubstring",
        "password": "1234",
        "role": "user"
    }
}
: null

04-04-2024T11:24:10 - [TEST_STEP][PASSED] - try: null

04-04-2024T11:24:10 - [TEST_STEP][PASSED] - customerUuid = customer_uuid: null

04-04-2024T11:24:10 - [TEST_STEP][PASSED] - urlBase = url_base + "/store?collectorId=" + customerUuid: null

04-04-2024T11:24:10 - [TEST_STEP][PASSED] - request = withRestRequestMethod("POST").build(): null

04-04-2024T11:24:10 - [TEST_STEP][PASSED] - println(Request URL: $request.getRestUrl()): null

04-04-2024T11:24:10 - [TEST_STEP][PASSED] - println(Request Body: $request.getBodyContent()): null

04-04-2024T11:24:10 - [TEST_STEP][PASSED] - response = sendRequest(request, CONTINUE_ON_FAILURE): Send request successfully

04-04-2024T11:24:10 - [MESSAGE][INFO] - HAR: C:\Users\nicol\Katalon Studio\Proyectos\Depay\Reports\20240404_112350\Ecommerce test\20240404_112351\requests\main\7.har

04-04-2024T11:24:10 - [MESSAGE][PASSED] - Send request successfully

04-04-2024T11:24:10 - [TEST_STEP][PASSED] - println(Response: $response.getResponseText()): null

04-04-2024T11:24:10 - [TEST_STEP][PASSED] - if (response): null

04-04-2024T11:24:10 - [TEST_STEP][PASSED] - println("Petición enviada con éxito."): null

04-04-2024T11:24:10 - [TEST_STEP][PASSED] - jsonResponse = JsonSlurper().parseText(response.getResponseText()): null

04-04-2024T11:24:10 - [TEST_STEP][PASSED] - print(jsonResponse): null

04-04-2024T11:24:10 - [TEST_STEP][PASSED] - api_key_user = apiKey: null

04-04-2024T11:24:10 - [TEST_STEP][PASSED] - catch (Exception e): null

04-04-2024T11:24:10 - [TEST_STEP][PASSED] - println(Error al construir o enviar la solicitud: $e.getMessage()): null]]></system-out>
         <system-err><![CDATA[]]></system-err>
      </testcase>
      <system-out><![CDATA[04-04-2024T11:23:58 - [TEST_SUITE][PASSED] - Ecommerce test: Test Cases/Flow Ecommerce/6 Create Store (sin pos)]]></system-out>
      <system-err><![CDATA[]]></system-err>
   </testsuite>
</testsuites>
